[main] Building folder: /Users/cody/aztec-packages/barretenberg/cpp/build
[build] Starting build
[proc] Executing command: /opt/homebrew/bin/cmake --build /Users/cody/aztec-packages/barretenberg/cpp/build --target client_ivc_tests --
[build] [1/3] Building CXX object src/barretenberg/polynomials/CMakeFiles/polynomials_objects.dir/univariate.cpp.o
[build] [2/3] Linking CXX static library lib/libpolynomials.a
[build] [3/3] Linking CXX executable bin/client_ivc_tests
[build] FAILED: bin/client_ivc_tests src/barretenberg/client_ivc/client_ivc_tests[1]_tests.cmake /Users/cody/aztec-packages/barretenberg/cpp/build/src/barretenberg/client_ivc/client_ivc_tests[1]_tests.cmake
[build] : && /Applications/Xcode.app/Contents/Developer/Toolchains/XcodeDefault.xctoolchain/usr/bin/clang++ -O3 -DNDEBUG -arch arm64 -isysroot /Applications/Xcode.app/Contents/Developer/Platforms/MacOSX.platform/Developer/SDKs/MacOSX15.0.sdk -Wl,-search_paths_first -Wl,-headerpad_max_install_names -pthread src/barretenberg/client_ivc/CMakeFiles/client_ivc_test_objects.dir/client_ivc.test.cpp.o src/barretenberg/client_ivc/CMakeFiles/client_ivc_test_objects.dir/client_ivc_auto_verify.test.cpp.o src/barretenberg/client_ivc/CMakeFiles/client_ivc_test_objects.dir/client_ivc_integration.test.cpp.o src/barretenberg/client_ivc/CMakeFiles/client_ivc_test_objects.dir/mock_kernel_pinning.test.cpp.o -o bin/client_ivc_tests  lib/libclient_ivc.a  lib/libstdlib_protogalaxy_verifier.a  lib/libstdlib_goblin_verifier.a  lib/libgtest.a  lib/libgtest_main.a  lib/libgmock_main.a  lib/libstdlib_blake3s.a  lib/libcrypto_blake3s.a  lib/libprotogalaxy.a  lib/libgoblin.a  lib/libstdlib_pedersen_commitment.a  lib/libstdlib_pedersen_hash.a  lib/libstdlib_sha256.a  lib/libstdlib_honk_verifier.a  lib/libstdlib_eccvm_verifier.a  lib/libeccvm.a  lib/libstdlib_translator_vm_verifier.a  lib/libtranslator_vm.a  lib/libstdlib_transcript.a  lib/libstdlib_poseidon2.a  lib/libstdlib_primitives.a  lib/libcircuit_checker.a  lib/libstdlib_circuit_builders.a  lib/libultra_honk.a  lib/libexecution_trace.a  lib/libsumcheck.a  lib/libplonk_honk_shared.a  lib/libstdlib_circuit_builders.a  lib/libultra_honk.a  lib/libexecution_trace.a  lib/libsumcheck.a  lib/libplonk_honk_shared.a  lib/librelations.a  lib/libcrypto_pedersen_hash.a  lib/libcrypto_pedersen_commitment.a  lib/libsrs.a  lib/libtranscript.a  lib/libpolynomials.a  lib/libcrypto_poseidon2.a  lib/libecc.a  lib/libcrypto_sha256.a  lib/libnumeric.a  lib/libcommon.a  lib/libenv.a  lib/libcrypto_keccak.a  lib/libgmock.a  lib/libgtest.a && cd /Users/cody/aztec-packages/barretenberg/cpp/build/src/barretenberg/client_ivc && /opt/homebrew/Cellar/cmake/3.27.7/bin/cmake -D TEST_TARGET=client_ivc_tests -D TEST_EXECUTABLE=/Users/cody/aztec-packages/barretenberg/cpp/build/bin/client_ivc_tests -D TEST_EXECUTOR= -D TEST_WORKING_DIR=/Users/cody/aztec-packages/barretenberg/cpp/build -D TEST_EXTRA_ARGS= -D TEST_PROPERTIES= -D TEST_PREFIX= -D TEST_SUFFIX= -D "TEST_FILTER=-*_SKIP_CI*" -D NO_PRETTY_TYPES=FALSE -D NO_PRETTY_VALUES=FALSE -D TEST_LIST=client_ivc_tests_TESTS -D CTEST_FILE=/Users/cody/aztec-packages/barretenberg/cpp/build/src/barretenberg/client_ivc/client_ivc_tests[1]_tests.cmake -D TEST_DISCOVERY_TIMEOUT=5 -D TEST_XML_OUTPUT_DIR= -P /opt/homebrew/Cellar/cmake/3.27.7/share/cmake/Modules/GoogleTestAddTests.cmake
[build] ld: warning: ignoring duplicate libraries: 'lib/libexecution_trace.a', 'lib/libgtest.a', 'lib/libplonk_honk_shared.a', 'lib/libstdlib_circuit_builders.a', 'lib/libsumcheck.a', 'lib/libultra_honk.a'
[build] Undefined symbols for architecture arm64:
[build]   "bb::Univariate<bb::stdlib::field_t<bb::MegaCircuitBuilder_<bb::field<bb::Bn254FrParams>>>, 12ul, 2ul, 0ul>::Univariate(std::__1::array<bb::stdlib::field_t<bb::MegaCircuitBuilder_<bb::field<bb::Bn254FrParams>>>, 10ul>)", referenced from:
[build]       bb::stdlib::recursion::honk::ProtogalaxyRecursiveVerifier_<bb::stdlib::recursion::honk::RecursiveDeciderVerificationKeys_<bb::MegaRecursiveFlavor_<bb::MegaCircuitBuilder_<bb::field<bb::Bn254FrParams>>>, 2ul>>::verify_folding_proof(std::__1::vector<bb::stdlib::field_t<bb::MegaCircuitBuilder_<bb::field<bb::Bn254FrParams>>>, std::__1::allocator<bb::stdlib::field_t<bb::MegaCircuitBuilder_<bb::field<bb::Bn254FrParams>>>>> const&) in libstdlib_protogalaxy_verifier.a[2](protogalaxy_recursive_verifier.cpp.o)
[build]   "bb::Univariate<bb::stdlib::field_t<bb::UltraCircuitBuilder_<bb::UltraArith<bb::field<bb::Bn254FrParams>>>>, 12ul, 2ul, 0ul>::Univariate(std::__1::array<bb::stdlib::field_t<bb::UltraCircuitBuilder_<bb::UltraArith<bb::field<bb::Bn254FrParams>>>>, 10ul>)", referenced from:
[build]       bb::stdlib::recursion::honk::ProtogalaxyRecursiveVerifier_<bb::stdlib::recursion::honk::RecursiveDeciderVerificationKeys_<bb::MegaRecursiveFlavor_<bb::UltraCircuitBuilder_<bb::UltraArith<bb::field<bb::Bn254FrParams>>>>, 2ul>>::verify_folding_proof(std::__1::vector<bb::stdlib::field_t<bb::UltraCircuitBuilder_<bb::UltraArith<bb::field<bb::Bn254FrParams>>>>, std::__1::allocator<bb::stdlib::field_t<bb::UltraCircuitBuilder_<bb::UltraArith<bb::field<bb::Bn254FrParams>>>>>> const&) in libstdlib_protogalaxy_verifier.a[2](protogalaxy_recursive_verifier.cpp.o)
[build]   "bb::Univariate<bb::stdlib::field_t<bb::CircuitSimulatorBN254>, 12ul, 2ul, 0ul>::Univariate(std::__1::array<bb::stdlib::field_t<bb::CircuitSimulatorBN254>, 10ul>)", referenced from:
[build]       bb::stdlib::recursion::honk::ProtogalaxyRecursiveVerifier_<bb::stdlib::recursion::honk::RecursiveDeciderVerificationKeys_<bb::MegaRecursiveFlavor_<bb::CircuitSimulatorBN254>, 2ul>>::verify_folding_proof(std::__1::vector<bb::stdlib::field_t<bb::CircuitSimulatorBN254>, std::__1::allocator<bb::stdlib::field_t<bb::CircuitSimulatorBN254>>> const&) in libstdlib_protogalaxy_verifier.a[2](protogalaxy_recursive_verifier.cpp.o)
[build]   "bb::Univariate<bb::stdlib::field_t<bb::MegaCircuitBuilder_<bb::field<bb::Bn254FrParams>>>, 12ul, 2ul, 0ul>::evaluate(bb::stdlib::field_t<bb::MegaCircuitBuilder_<bb::field<bb::Bn254FrParams>>> const&) const", referenced from:
[build]       bb::stdlib::recursion::honk::ProtogalaxyRecursiveVerifier_<bb::stdlib::recursion::honk::RecursiveDeciderVerificationKeys_<bb::MegaRecursiveFlavor_<bb::MegaCircuitBuilder_<bb::field<bb::Bn254FrParams>>>, 2ul>>::verify_folding_proof(std::__1::vector<bb::stdlib::field_t<bb::MegaCircuitBuilder_<bb::field<bb::Bn254FrParams>>>, std::__1::allocator<bb::stdlib::field_t<bb::MegaCircuitBuilder_<bb::field<bb::Bn254FrParams>>>>> const&) in libstdlib_protogalaxy_verifier.a[2](protogalaxy_recursive_verifier.cpp.o)
[build]   "bb::Univariate<bb::stdlib::field_t<bb::UltraCircuitBuilder_<bb::UltraArith<bb::field<bb::Bn254FrParams>>>>, 12ul, 2ul, 0ul>::evaluate(bb::stdlib::field_t<bb::UltraCircuitBuilder_<bb::UltraArith<bb::field<bb::Bn254FrParams>>>> const&) const", referenced from:
[build]       bb::stdlib::recursion::honk::ProtogalaxyRecursiveVerifier_<bb::stdlib::recursion::honk::RecursiveDeciderVerificationKeys_<bb::MegaRecursiveFlavor_<bb::UltraCircuitBuilder_<bb::UltraArith<bb::field<bb::Bn254FrParams>>>>, 2ul>>::verify_folding_proof(std::__1::vector<bb::stdlib::field_t<bb::UltraCircuitBuilder_<bb::UltraArith<bb::field<bb::Bn254FrParams>>>>, std::__1::allocator<bb::stdlib::field_t<bb::UltraCircuitBuilder_<bb::UltraArith<bb::field<bb::Bn254FrParams>>>>>> const&) in libstdlib_protogalaxy_verifier.a[2](protogalaxy_recursive_verifier.cpp.o)
[build]   "bb::Univariate<bb::stdlib::field_t<bb::CircuitSimulatorBN254>, 12ul, 2ul, 0ul>::evaluate(bb::stdlib::field_t<bb::CircuitSimulatorBN254> const&) const", referenced from:
[build]       bb::stdlib::recursion::honk::ProtogalaxyRecursiveVerifier_<bb::stdlib::recursion::honk::RecursiveDeciderVerificationKeys_<bb::MegaRecursiveFlavor_<bb::CircuitSimulatorBN254>, 2ul>>::verify_folding_proof(std::__1::vector<bb::stdlib::field_t<bb::CircuitSimulatorBN254>, std::__1::allocator<bb::stdlib::field_t<bb::CircuitSimulatorBN254>>> const&) in libstdlib_protogalaxy_verifier.a[2](protogalaxy_recursive_verifier.cpp.o)
[build] ld: symbol(s) not found for architecture arm64
[build] clang++: error: linker command failed with exit code 1 (use -v to see invocation)
[build] ninja: build stopped: subcommand failed.
[proc] The command: /opt/homebrew/bin/cmake --build /Users/cody/aztec-packages/barretenberg/cpp/build --target client_ivc_tests -- exited with code: 1
[driver] Build completed: 00:00:20.534
[build] Build finished with exit code 1
